<?xml version="1.0" encoding="UTF-8"?>
<testng-results ignored="0" total="1" passed="1" failed="0" skipped="0">
  <reporter-output>
  </reporter-output>
  <suite started-at="2020-04-24T15:27:56 BST" name="Surefire suite" finished-at="2020-04-24T15:27:56 BST" duration-ms="40">
    <groups>
    </groups>
    <test started-at="2020-04-24T15:27:56 BST" name="Surefire test" finished-at="2020-04-24T15:27:56 BST" duration-ms="40">
      <class name="hero.AppTest">
        <test-method signature="testApp()" started-at="2020-04-24T15:27:56 BST" name="testApp" finished-at="2020-04-24T15:27:56 BST" duration-ms="10" status="PASS">
          <reporter-output>
          </reporter-output>
        </test-method> <!-- testApp -->
      </class> <!-- hero.AppTest -->
    </test> <!-- Surefire test -->
  </suite> <!-- Surefire suite -->
</testng-results>
