<?xml version="1.0" encoding="UTF-8"?>
<testng-results ignored="0" total="4" passed="4" failed="0" skipped="0">
  <reporter-output>
  </reporter-output>
  <suite started-at="2020-04-24T15:58:26 BST" name="Suite" finished-at="2020-04-24T15:58:26 BST" duration-ms="44">
    <groups>
    </groups>
    <test started-at="2020-04-24T15:58:26 BST" name="Test" finished-at="2020-04-24T15:58:26 BST" duration-ms="44">
      <class name="hero.Selenium_159_Test">
        <test-method signature="Selenium_159_Test_1()[pri:0, instance:hero.Selenium_159_Test@3943a2be]" started-at="2020-04-24T15:58:26 BST" name="Selenium_159_Test_1" finished-at="2020-04-24T15:58:26 BST" duration-ms="5" status="PASS">
          <reporter-output>
          </reporter-output>
        </test-method> <!-- Selenium_159_Test_1 -->
        <test-method signature="Selenium_159_Test_2()[pri:0, instance:hero.Selenium_159_Test@3943a2be]" started-at="2020-04-24T15:58:26 BST" name="Selenium_159_Test_2" finished-at="2020-04-24T15:58:26 BST" duration-ms="0" status="PASS">
          <reporter-output>
          </reporter-output>
        </test-method> <!-- Selenium_159_Test_2 -->
      </class> <!-- hero.Selenium_159_Test -->
      <class name="hero.Appium_159_Test">
        <test-method signature="Appium_159_Test_1()[pri:0, instance:hero.Appium_159_Test@343570b7]" started-at="2020-04-24T15:58:26 BST" name="Appium_159_Test_1" finished-at="2020-04-24T15:58:26 BST" duration-ms="0" status="PASS">
          <reporter-output>
          </reporter-output>
        </test-method> <!-- Appium_159_Test_1 -->
        <test-method signature="Appium_159_Test_2()[pri:0, instance:hero.Appium_159_Test@343570b7]" started-at="2020-04-24T15:58:26 BST" name="Appium_159_Test_2" finished-at="2020-04-24T15:58:26 BST" duration-ms="0" status="PASS">
          <reporter-output>
          </reporter-output>
        </test-method> <!-- Appium_159_Test_2 -->
      </class> <!-- hero.Appium_159_Test -->
    </test> <!-- Test -->
  </suite> <!-- Suite -->
</testng-results>
