<?xml version="1.0" encoding="UTF-8"?>
<testsuite xmlns:xsi="http://www.w3.org/2001/XMLSchema-instance" xsi:noNamespaceSchemaLocation="https://maven.apache.org/surefire/maven-surefire-plugin/xsd/surefire-test-report-3.0.xsd" version="3.0" name="TestSuite" time="0.435" tests="4" errors="0" skipped="0" failures="0">
  <properties>
[...]
</properties>
  <testcase name="Selenium_159_Test_1" classname="hero.Selenium_159_Test" time="0.007"/>
  <testcase name="Selenium_159_Test_2" classname="hero.Selenium_159_Test" time="0.001"/>
  <testcase name="Appium_159_Test_1" classname="hero.Appium_159_Test" time="0.001"/>
  <testcase name="Appium_159_Test_2" classname="hero.Appium_159_Test" time="0.001"/>
</testsuite>