<?xml version="1.0" encoding="UTF-8"?>
<!-- Generated by org.testng.reporters.JUnitXMLReporter -->
<testsuite ignored="0" hostname="DESKTOP-P8IMDGN" failures="0" tests="4" name="Test" time="0.044" errors="0" timestamp="2020-04-24T15:58:26 BST">
  <testcase classname="hero.Selenium_159_Test" name="Selenium_159_Test_1" time="0.005"/>
  <testcase classname="hero.Selenium_159_Test" name="Selenium_159_Test_2" time="0.0"/>
  <testcase classname="hero.Appium_159_Test" name="Appium_159_Test_1" time="0.0"/>
  <testcase classname="hero.Appium_159_Test" name="Appium_159_Test_2" time="0.0"/>
</testsuite> <!-- Test -->
