<?xml version="1.0" encoding="UTF-8"?>
<!-- Generated by org.testng.reporters.JUnitXMLReporter -->
<testsuite ignored="0" hostname="DESKTOP-P8IMDGN" failures="0" tests="6" name="Surefire test" time="0.032" errors="0" timestamp="2020-04-24T15:27:56 BST">
  <testcase classname="hero.Appium_159_Test" name="Appium_159_Test_1" time="0.004"/>
  <testcase classname="hero.Appium_159_Test" name="Appium_159_Test_2" time="0.0"/>
  <testcase classname="hero.RestAPI_159_Test" name="RestAPI_159_Test_1" time="0.001"/>
  <testcase classname="hero.RestAPI_159_Test" name="TRestAPI_159_Test_2" time="0.0"/>
  <testcase classname="hero.Selenium_159_Test" name="Selenium_159_Test_1" time="0.0"/>
  <testcase classname="hero.Selenium_159_Test" name="Selenium_159_Test_2" time="0.0"/>
</testsuite> <!-- Surefire test -->
