<?xml version="1.0" encoding="UTF-8"?>
<testng-results ignored="0" total="6" passed="6" failed="0" skipped="0">
  <reporter-output>
  </reporter-output>
  <suite started-at="2020-04-24T15:27:56 BST" name="Surefire suite" finished-at="2020-04-24T15:27:56 BST" duration-ms="32">
    <groups>
    </groups>
    <test started-at="2020-04-24T15:27:56 BST" name="Surefire test" finished-at="2020-04-24T15:27:56 BST" duration-ms="32">
      <class name="hero.Selenium_159_Test">
        <test-method signature="Selenium_159_Test_1()[pri:0, instance:hero.Selenium_159_Test@6a472554]" started-at="2020-04-24T15:27:56 BST" name="Selenium_159_Test_1" finished-at="2020-04-24T15:27:56 BST" duration-ms="0" status="PASS">
          <reporter-output>
          </reporter-output>
        </test-method> <!-- Selenium_159_Test_1 -->
        <test-method signature="Selenium_159_Test_2()[pri:0, instance:hero.Selenium_159_Test@6a472554]" started-at="2020-04-24T15:27:56 BST" name="Selenium_159_Test_2" finished-at="2020-04-24T15:27:56 BST" duration-ms="0" status="PASS">
          <reporter-output>
          </reporter-output>
        </test-method> <!-- Selenium_159_Test_2 -->
      </class> <!-- hero.Selenium_159_Test -->
      <class name="hero.Appium_159_Test">
        <test-method signature="Appium_159_Test_1()[pri:0, instance:hero.Appium_159_Test@709ba3fb]" started-at="2020-04-24T15:27:56 BST" name="Appium_159_Test_1" finished-at="2020-04-24T15:27:56 BST" duration-ms="4" status="PASS">
          <reporter-output>
          </reporter-output>
        </test-method> <!-- Appium_159_Test_1 -->
        <test-method signature="Appium_159_Test_2()[pri:0, instance:hero.Appium_159_Test@709ba3fb]" started-at="2020-04-24T15:27:56 BST" name="Appium_159_Test_2" finished-at="2020-04-24T15:27:56 BST" duration-ms="0" status="PASS">
          <reporter-output>
          </reporter-output>
        </test-method> <!-- Appium_159_Test_2 -->
      </class> <!-- hero.Appium_159_Test -->
      <class name="hero.RestAPI_159_Test">
        <test-method signature="RestAPI_159_Test_1()[pri:0, instance:hero.RestAPI_159_Test@3d36e4cd]" started-at="2020-04-24T15:27:56 BST" name="RestAPI_159_Test_1" finished-at="2020-04-24T15:27:56 BST" duration-ms="1" status="PASS">
          <reporter-output>
          </reporter-output>
        </test-method> <!-- RestAPI_159_Test_1 -->
        <test-method signature="TRestAPI_159_Test_2()[pri:0, instance:hero.RestAPI_159_Test@3d36e4cd]" started-at="2020-04-24T15:27:56 BST" name="TRestAPI_159_Test_2" finished-at="2020-04-24T15:27:56 BST" duration-ms="0" status="PASS">
          <reporter-output>
          </reporter-output>
        </test-method> <!-- TRestAPI_159_Test_2 -->
      </class> <!-- hero.RestAPI_159_Test -->
    </test> <!-- Surefire test -->
  </suite> <!-- Surefire suite -->
</testng-results>
