<?xml version="1.0" encoding="UTF-8"?>
<testng-results ignored="0" total="2" passed="2" failed="0" skipped="0">
  <reporter-output>
  </reporter-output>
  <suite started-at="2020-05-15T13:29:16 BST" name="Default suite" finished-at="2020-05-15T13:29:16 BST" duration-ms="122">
    <groups>
    </groups>
    <test started-at="2020-05-15T13:29:16 BST" name="Default test" finished-at="2020-05-15T13:29:16 BST" duration-ms="122">
      <class name="hero.Selenium_159_Test">
        <test-method signature="Selenium_159_Test_1()[pri:0, instance:hero.Selenium_159_Test@3c419631]" started-at="2020-05-15T13:29:16 BST" name="Selenium_159_Test_1" finished-at="2020-05-15T13:29:16 BST" duration-ms="21" status="PASS">
          <reporter-output>
          </reporter-output>
        </test-method> <!-- Selenium_159_Test_1 -->
        <test-method signature="Selenium_159_Test_2()[pri:0, instance:hero.Selenium_159_Test@3c419631]" started-at="2020-05-15T13:29:16 BST" name="Selenium_159_Test_2" finished-at="2020-05-15T13:29:16 BST" duration-ms="2" status="PASS">
          <reporter-output>
          </reporter-output>
        </test-method> <!-- Selenium_159_Test_2 -->
      </class> <!-- hero.Selenium_159_Test -->
    </test> <!-- Default test -->
  </suite> <!-- Default suite -->
</testng-results>
